Started GET "/" for 127.0.0.1 at 2018-07-14 13:34:39 -0400
Processing by Rails::WelcomeController#index as HTML
  Rendering /Library/Ruby/Gems/2.3.0/gems/railties-5.2.0/lib/rails/templates/rails/welcome/index.html.erb
  Rendered /Library/Ruby/Gems/2.3.0/gems/railties-5.2.0/lib/rails/templates/rails/welcome/index.html.erb (6.4ms)
Completed 200 OK in 157ms (Views: 23.7ms | ActiveRecord: 0.0ms)


Started GET "/" for 127.0.0.1 at 2018-07-14 16:23:07 -0400
Processing by WelcomeController#index as HTML
  Rendering welcome/index.html.erb within layouts/application
  Rendered welcome/index.html.erb within layouts/application (1.2ms)
Completed 200 OK in 1269ms (Views: 1223.1ms | ActiveRecord: 0.0ms)


Started GET "/articles/new" for 127.0.0.1 at 2018-07-14 16:35:45 -0400
  
ActionController::RoutingError (No route matches [GET] "/articles/new"):
  
actionpack (5.2.0) lib/action_dispatch/middleware/debug_exceptions.rb:65:in `call'
web-console (3.6.2) lib/web_console/middleware.rb:135:in `call_app'
web-console (3.6.2) lib/web_console/middleware.rb:30:in `block in call'
web-console (3.6.2) lib/web_console/middleware.rb:20:in `catch'
web-console (3.6.2) lib/web_console/middleware.rb:20:in `call'
actionpack (5.2.0) lib/action_dispatch/middleware/show_exceptions.rb:33:in `call'
railties (5.2.0) lib/rails/rack/logger.rb:38:in `call_app'
railties (5.2.0) lib/rails/rack/logger.rb:26:in `block in call'
activesupport (5.2.0) lib/active_support/tagged_logging.rb:71:in `block in tagged'
activesupport (5.2.0) lib/active_support/tagged_logging.rb:28:in `tagged'
activesupport (5.2.0) lib/active_support/tagged_logging.rb:71:in `tagged'
railties (5.2.0) lib/rails/rack/logger.rb:26:in `call'
sprockets-rails (3.2.1) lib/sprockets/rails/quiet_assets.rb:13:in `call'
actionpack (5.2.0) lib/action_dispatch/middleware/remote_ip.rb:81:in `call'
actionpack (5.2.0) lib/action_dispatch/middleware/request_id.rb:27:in `call'
rack (2.0.5) lib/rack/method_override.rb:22:in `call'
rack (2.0.5) lib/rack/runtime.rb:22:in `call'
activesupport (5.2.0) lib/active_support/cache/strategy/local_cache_middleware.rb:29:in `call'
actionpack (5.2.0) lib/action_dispatch/middleware/executor.rb:14:in `call'
actionpack (5.2.0) lib/action_dispatch/middleware/static.rb:127:in `call'
rack (2.0.5) lib/rack/sendfile.rb:111:in `call'
railties (5.2.0) lib/rails/engine.rb:524:in `call'
puma (3.12.0) lib/puma/configuration.rb:225:in `call'
puma (3.12.0) lib/puma/server.rb:658:in `handle_request'
puma (3.12.0) lib/puma/server.rb:472:in `process_client'
puma (3.12.0) lib/puma/server.rb:332:in `block in run'
puma (3.12.0) lib/puma/thread_pool.rb:133:in `block in spawn_thread'
Started GET "/courses/new" for 127.0.0.1 at 2018-07-14 16:36:03 -0400
Processing by CoursesController#new as HTML
  Rendering courses/new.html.erb within layouts/application
  Rendered courses/new.html.erb within layouts/application (0.8ms)
Completed 200 OK in 792ms (Views: 781.5ms | ActiveRecord: 0.0ms)


Started GET "/courses/new" for 127.0.0.1 at 2018-07-14 16:41:21 -0400
Processing by CoursesController#new as HTML
  Rendering courses/new.html.erb within layouts/application
  Rendered courses/new.html.erb within layouts/application (244.1ms)
Completed 200 OK in 364ms (Views: 345.8ms | ActiveRecord: 0.0ms)


Started GET "/courses/new" for 127.0.0.1 at 2018-07-14 16:41:50 -0400
Processing by CoursesController#new as HTML
  Rendering courses/new.html.erb within layouts/application
  Rendered courses/new.html.erb within layouts/application (4.4ms)
Completed 500 Internal Server Error in 22ms (ActiveRecord: 0.0ms)


  
SyntaxError (/Users/nconduah/OneDrive - Massachusetts Institute of Technology/Career Dev/ror/approvedcourse1/app/views/courses/new.html.erb:26: syntax error, unexpected tIDENTIFIER, expecting ')'
...=( form.label :description link );@output_buffer.safe_append...
...                               ^
/Users/nconduah/OneDrive - Massachusetts Institute of Technology/Career Dev/ror/approvedcourse1/app/views/courses/new.html.erb:31: syntax error, unexpected tIDENTIFIER, expecting ')'
...ppend=( form.label :rating link );@output_buffer.safe_append...
...                               ^):
  
app/views/courses/new.html.erb:26: syntax error, unexpected tIDENTIFIER, expecting ')'
app/views/courses/new.html.erb:31: syntax error, unexpected tIDENTIFIER, expecting ')'
Started GET "/courses/new" for 127.0.0.1 at 2018-07-14 16:42:16 -0400
Processing by CoursesController#new as HTML
  Rendering courses/new.html.erb within layouts/application
  Rendered courses/new.html.erb within layouts/application (0.9ms)
Completed 500 Internal Server Error in 20ms (ActiveRecord: 0.0ms)


  
SyntaxError (/Users/nconduah/OneDrive - Massachusetts Institute of Technology/Career Dev/ror/approvedcourse1/app/views/courses/new.html.erb:27: syntax error, unexpected tIDENTIFIER, expecting ')'
...rm.text_field :description link );@output_buffer.safe_append...
...                               ^
/Users/nconduah/OneDrive - Massachusetts Institute of Technology/Career Dev/ror/approvedcourse1/app/views/courses/new.html.erb:32: syntax error, unexpected tIDENTIFIER, expecting ')'
...=( form.text_field :rating link );@output_buffer.safe_append...
...                               ^):
  
app/views/courses/new.html.erb:27: syntax error, unexpected tIDENTIFIER, expecting ')'
app/views/courses/new.html.erb:32: syntax error, unexpected tIDENTIFIER, expecting ')'
Started GET "/courses/new" for 127.0.0.1 at 2018-07-14 16:42:23 -0400
Processing by CoursesController#new as HTML
  Rendering courses/new.html.erb within layouts/application
  Rendered courses/new.html.erb within layouts/application (2.0ms)
Completed 200 OK in 47ms (Views: 42.9ms | ActiveRecord: 0.0ms)


Started POST "/courses/new" for 127.0.0.1 at 2018-07-15 14:18:58 -0400
  
ActionController::RoutingError (No route matches [POST] "/courses/new"):
  
actionpack (5.2.0) lib/action_dispatch/middleware/debug_exceptions.rb:65:in `call'
web-console (3.6.2) lib/web_console/middleware.rb:135:in `call_app'
web-console (3.6.2) lib/web_console/middleware.rb:30:in `block in call'
web-console (3.6.2) lib/web_console/middleware.rb:20:in `catch'
web-console (3.6.2) lib/web_console/middleware.rb:20:in `call'
actionpack (5.2.0) lib/action_dispatch/middleware/show_exceptions.rb:33:in `call'
railties (5.2.0) lib/rails/rack/logger.rb:38:in `call_app'
railties (5.2.0) lib/rails/rack/logger.rb:26:in `block in call'
activesupport (5.2.0) lib/active_support/tagged_logging.rb:71:in `block in tagged'
activesupport (5.2.0) lib/active_support/tagged_logging.rb:28:in `tagged'
activesupport (5.2.0) lib/active_support/tagged_logging.rb:71:in `tagged'
railties (5.2.0) lib/rails/rack/logger.rb:26:in `call'
sprockets-rails (3.2.1) lib/sprockets/rails/quiet_assets.rb:13:in `call'
actionpack (5.2.0) lib/action_dispatch/middleware/remote_ip.rb:81:in `call'
actionpack (5.2.0) lib/action_dispatch/middleware/request_id.rb:27:in `call'
rack (2.0.5) lib/rack/method_override.rb:22:in `call'
rack (2.0.5) lib/rack/runtime.rb:22:in `call'
activesupport (5.2.0) lib/active_support/cache/strategy/local_cache_middleware.rb:29:in `call'
actionpack (5.2.0) lib/action_dispatch/middleware/executor.rb:14:in `call'
actionpack (5.2.0) lib/action_dispatch/middleware/static.rb:127:in `call'
rack (2.0.5) lib/rack/sendfile.rb:111:in `call'
railties (5.2.0) lib/rails/engine.rb:524:in `call'
puma (3.12.0) lib/puma/configuration.rb:225:in `call'
puma (3.12.0) lib/puma/server.rb:658:in `handle_request'
puma (3.12.0) lib/puma/server.rb:472:in `process_client'
puma (3.12.0) lib/puma/server.rb:332:in `block in run'
puma (3.12.0) lib/puma/thread_pool.rb:133:in `block in spawn_thread'
Started GET "/courses/new" for 127.0.0.1 at 2018-07-15 14:36:31 -0400
Processing by CoursesController#new as HTML
  Rendering courses/new.html.erb within layouts/application
  Rendered courses/new.html.erb within layouts/application (97.1ms)
Completed 200 OK in 1017ms (Views: 981.6ms | ActiveRecord: 0.0ms)


Started GET "/courses/new" for 127.0.0.1 at 2018-07-15 14:36:40 -0400
Processing by CoursesController#new as HTML
  Rendering courses/new.html.erb within layouts/application
  Rendered courses/new.html.erb within layouts/application (7.6ms)
Completed 200 OK in 144ms (Views: 136.3ms | ActiveRecord: 0.0ms)


Started POST "/courses" for 127.0.0.1 at 2018-07-15 14:37:10 -0400
Processing by CoursesController#create as HTML
  Parameters: {"utf8"=>"✓", "authenticity_token"=>"mUR50JxSUPb0ngWVRdigBX7ANpX304fkPnR512AqW5S8F77HxhViHjpp/ptwSlQDgTNePYLcblq83k8uqHZZUQ==", "course"=>{"number"=>"1.001", "title"=>"Engineering Computation and Data Science", "semester"=>"Spring", "category"=>"Eng Elec", "descriptionlink"=>"http://student.mit.edu/catalog/search.cgi?search=1.001", "ratinglink"=>"https://sisapp.mit.edu/ose-rpt/subjectEvaluationSearch.htm?search=Search&subjectCode=1.001", "notes"=>""}, "commit"=>"Save Course"}
  Rendering text template
  Rendered text template (0.0ms)
Completed 200 OK in 33ms (Views: 31.6ms | ActiveRecord: 0.0ms)


  [1m[35m (0.5ms)[0m  [1m[34mSELECT sqlite_version(*)[0m
  ↳ bin/rails:9
  [1m[35m (1.7ms)[0m  [1m[35mCREATE TABLE "schema_migrations" ("version" varchar NOT NULL PRIMARY KEY)[0m
  ↳ bin/rails:9
  [1m[35m (1.1ms)[0m  [1m[35mCREATE TABLE "ar_internal_metadata" ("key" varchar NOT NULL PRIMARY KEY, "value" varchar, "created_at" datetime NOT NULL, "updated_at" datetime NOT NULL)[0m
  ↳ bin/rails:9
  [1m[35m (0.2ms)[0m  [1m[34mSELECT "schema_migrations"."version" FROM "schema_migrations" ORDER BY "schema_migrations"."version" ASC[0m
  ↳ bin/rails:9
Migrating to CreateCourses (20180715185858)
  [1m[35m (0.1ms)[0m  [1m[36mbegin transaction[0m
  ↳ bin/rails:9
  [1m[35m (0.6ms)[0m  [1m[35mCREATE TABLE "courses" ("id" integer PRIMARY KEY AUTOINCREMENT NOT NULL, "number" varchar, "title" varchar, "semester" varchar, "category" varchar, "cataloglink" varchar, "evaluationlink" varchar, "recenttakers" text, "notes" text, "created_at" datetime NOT NULL, "updated_at" datetime NOT NULL)[0m
  ↳ db/migrate/20180715185858_create_courses.rb:3
  [1m[36mActiveRecord::SchemaMigration Create (0.3ms)[0m  [1m[32mINSERT INTO "schema_migrations" ("version") VALUES (?)[0m  [["version", "20180715185858"]]
  ↳ bin/rails:9
  [1m[35m (1.8ms)[0m  [1m[36mcommit transaction[0m
  ↳ bin/rails:9
  [1m[36mActiveRecord::InternalMetadata Load (0.2ms)[0m  [1m[34mSELECT  "ar_internal_metadata".* FROM "ar_internal_metadata" WHERE "ar_internal_metadata"."key" = ? LIMIT ?[0m  [["key", "environment"], ["LIMIT", 1]]
  ↳ bin/rails:9
  [1m[35m (0.1ms)[0m  [1m[36mbegin transaction[0m
  ↳ bin/rails:9
  [1m[36mActiveRecord::InternalMetadata Create (0.4ms)[0m  [1m[32mINSERT INTO "ar_internal_metadata" ("key", "value", "created_at", "updated_at") VALUES (?, ?, ?, ?)[0m  [["key", "environment"], ["value", "development"], ["created_at", "2018-07-15 19:03:23.430311"], ["updated_at", "2018-07-15 19:03:23.430311"]]
  ↳ bin/rails:9
  [1m[35m (1.2ms)[0m  [1m[36mcommit transaction[0m
  ↳ bin/rails:9
  [1m[35m (0.2ms)[0m  [1m[34mSELECT "schema_migrations"."version" FROM "schema_migrations" ORDER BY "schema_migrations"."version" ASC[0m
  ↳ bin/rails:9
Started GET "/courses/new" for 127.0.0.1 at 2018-07-16 00:50:57 -0400
  [1m[35m (0.5ms)[0m  [1m[34mSELECT "schema_migrations"."version" FROM "schema_migrations" ORDER BY "schema_migrations"."version" ASC[0m
  ↳ /Library/Ruby/Gems/2.3.0/gems/activerecord-5.2.0/lib/active_record/log_subscriber.rb:98
Processing by CoursesController#new as HTML
Completed 400 Bad Request in 37ms (ActiveRecord: 0.0ms)


  
ActionController::ParameterMissing (param is missing or the value is empty: course):
  
app/controllers/courses_controller.rb:29:in `course_params'
app/controllers/courses_controller.rb:12:in `new'
Started GET "/" for 127.0.0.1 at 2018-07-16 00:52:02 -0400
Processing by WelcomeController#index as HTML
  Rendering welcome/index.html.erb within layouts/application
  Rendered welcome/index.html.erb within layouts/application (5.9ms)
Completed 200 OK in 736ms (Views: 702.0ms | ActiveRecord: 0.0ms)


Started GET "/courses" for 127.0.0.1 at 2018-07-16 00:52:09 -0400
Processing by CoursesController#index as HTML
Completed 500 Internal Server Error in 10ms (ActiveRecord: 0.0ms)


  
NameError (uninitialized constant CoursesController::Courses):
  
app/controllers/courses_controller.rb:4:in `index'
Started GET "/courses" for 127.0.0.1 at 2018-07-16 00:53:35 -0400
Processing by CoursesController#index as HTML
  Rendering courses/index.html.erb within layouts/application
  [1m[36mCourse Load (0.2ms)[0m  [1m[34mSELECT "courses".* FROM "courses"[0m
  ↳ app/views/courses/index.html.erb:16
  Rendered courses/index.html.erb within layouts/application (4.4ms)
Completed 200 OK in 46ms (Views: 37.4ms | ActiveRecord: 0.5ms)


Started GET "/courses/new" for 127.0.0.1 at 2018-07-16 00:53:56 -0400
Processing by CoursesController#new as HTML
Completed 400 Bad Request in 1ms (ActiveRecord: 0.0ms)


  
ActionController::ParameterMissing (param is missing or the value is empty: course):
  
app/controllers/courses_controller.rb:29:in `course_params'
app/controllers/courses_controller.rb:12:in `new'
Started GET "/courses/new" for 127.0.0.1 at 2018-07-16 01:04:16 -0400
Processing by CoursesController#new as HTML
Completed 400 Bad Request in 7ms (ActiveRecord: 0.0ms)


  
ActionController::ParameterMissing (param is missing or the value is empty: course):
  
app/controllers/courses_controller.rb:29:in `course_params'
app/controllers/courses_controller.rb:12:in `new'
Started GET "/courses/new" for 127.0.0.1 at 2018-07-16 01:07:23 -0400
Processing by CoursesController#new as HTML
Completed 400 Bad Request in 8ms (ActiveRecord: 0.0ms)


  
ActionController::ParameterMissing (param is missing or the value is empty: course):
  
app/controllers/courses_controller.rb:29:in `course_params'
app/controllers/courses_controller.rb:12:in `new'
Started GET "/" for 127.0.0.1 at 2018-07-16 01:16:54 -0400
Processing by WelcomeController#index as HTML
  Rendering welcome/index.html.erb within layouts/application
  Rendered welcome/index.html.erb within layouts/application (12.6ms)
Completed 200 OK in 175ms (Views: 148.6ms | ActiveRecord: 0.0ms)


Started GET "/courses" for 127.0.0.1 at 2018-07-16 01:16:57 -0400
Processing by CoursesController#index as HTML
  Rendering courses/index.html.erb within layouts/application
  [1m[36mCourse Load (0.7ms)[0m  [1m[34mSELECT "courses".* FROM "courses"[0m
  ↳ app/views/courses/index.html.erb:17
  Rendered courses/index.html.erb within layouts/application (18.7ms)
Completed 200 OK in 110ms (Views: 97.9ms | ActiveRecord: 1.2ms)


Started GET "/courses/new" for 127.0.0.1 at 2018-07-16 01:17:02 -0400
Processing by CoursesController#new as HTML
Completed 400 Bad Request in 2ms (ActiveRecord: 0.0ms)


  
ActionController::ParameterMissing (param is missing or the value is empty: course):
  
app/controllers/courses_controller.rb:29:in `course_params'
app/controllers/courses_controller.rb:12:in `new'
Started POST "/__web_console/repl_sessions/a3b2e7105379265918900ae271c2a351/trace" for 127.0.0.1 at 2018-07-16 01:17:16 -0400
Started GET "/courses/new" for 127.0.0.1 at 2018-07-16 01:18:13 -0400
  
SyntaxError (/Users/nconduah/OneDrive - Massachusetts Institute of Technology/Career Dev/ror/approvedcourse1/app/controllers/courses_controller.rb:29: syntax error, unexpected ',', expecting ')'
...:cataloglink, :evaluationlink,, :notes)
...                               ^):
  
app/controllers/courses_controller.rb:29: syntax error, unexpected ',', expecting ')'
Started GET "/courses/new" for 127.0.0.1 at 2018-07-16 01:18:23 -0400
Processing by CoursesController#new as HTML
Completed 400 Bad Request in 5ms (ActiveRecord: 0.0ms)


  
ActionController::ParameterMissing (param is missing or the value is empty: course):
  
app/controllers/courses_controller.rb:29:in `course_params'
app/controllers/courses_controller.rb:12:in `new'
Started GET "/courses/new" for 127.0.0.1 at 2018-07-16 01:18:51 -0400
Processing by CoursesController#new as HTML
Completed 400 Bad Request in 5ms (ActiveRecord: 0.0ms)


  
ActionController::ParameterMissing (param is missing or the value is empty: course):
  
app/controllers/courses_controller.rb:29:in `course_params'
app/controllers/courses_controller.rb:12:in `new'
Started GET "/courses/new" for 127.0.0.1 at 2018-07-16 01:20:24 -0400
Processing by CoursesController#new as HTML
Completed 400 Bad Request in 6ms (ActiveRecord: 0.0ms)


  
ActionController::ParameterMissing (param is missing or the value is empty: course):
  
app/controllers/courses_controller.rb:29:in `course_params'
app/controllers/courses_controller.rb:12:in `new'
Started GET "/courses/new" for 127.0.0.1 at 2018-07-16 01:20:29 -0400
Processing by CoursesController#new as HTML
Completed 400 Bad Request in 1ms (ActiveRecord: 0.0ms)


  
ActionController::ParameterMissing (param is missing or the value is empty: course):
  
app/controllers/courses_controller.rb:29:in `course_params'
app/controllers/courses_controller.rb:12:in `new'
Started GET "/courses/new" for 127.0.0.1 at 2018-07-16 01:30:38 -0400
Processing by CoursesController#new as HTML
Completed 400 Bad Request in 1ms (ActiveRecord: 0.0ms)


  
ActionController::ParameterMissing (param is missing or the value is empty: course):
  
app/controllers/courses_controller.rb:29:in `course_params'
app/controllers/courses_controller.rb:12:in `new'
Started GET "/course/new" for 127.0.0.1 at 2018-07-16 01:30:56 -0400
  
ActionController::RoutingError (No route matches [GET] "/course/new"):
  
actionpack (5.2.0) lib/action_dispatch/middleware/debug_exceptions.rb:65:in `call'
web-console (3.6.2) lib/web_console/middleware.rb:135:in `call_app'
web-console (3.6.2) lib/web_console/middleware.rb:30:in `block in call'
web-console (3.6.2) lib/web_console/middleware.rb:20:in `catch'
web-console (3.6.2) lib/web_console/middleware.rb:20:in `call'
actionpack (5.2.0) lib/action_dispatch/middleware/show_exceptions.rb:33:in `call'
railties (5.2.0) lib/rails/rack/logger.rb:38:in `call_app'
railties (5.2.0) lib/rails/rack/logger.rb:26:in `block in call'
activesupport (5.2.0) lib/active_support/tagged_logging.rb:71:in `block in tagged'
activesupport (5.2.0) lib/active_support/tagged_logging.rb:28:in `tagged'
activesupport (5.2.0) lib/active_support/tagged_logging.rb:71:in `tagged'
railties (5.2.0) lib/rails/rack/logger.rb:26:in `call'
sprockets-rails (3.2.1) lib/sprockets/rails/quiet_assets.rb:13:in `call'
actionpack (5.2.0) lib/action_dispatch/middleware/remote_ip.rb:81:in `call'
actionpack (5.2.0) lib/action_dispatch/middleware/request_id.rb:27:in `call'
rack (2.0.5) lib/rack/method_override.rb:22:in `call'
rack (2.0.5) lib/rack/runtime.rb:22:in `call'
activesupport (5.2.0) lib/active_support/cache/strategy/local_cache_middleware.rb:29:in `call'
actionpack (5.2.0) lib/action_dispatch/middleware/executor.rb:14:in `call'
actionpack (5.2.0) lib/action_dispatch/middleware/static.rb:127:in `call'
rack (2.0.5) lib/rack/sendfile.rb:111:in `call'
railties (5.2.0) lib/rails/engine.rb:524:in `call'
puma (3.12.0) lib/puma/configuration.rb:225:in `call'
puma (3.12.0) lib/puma/server.rb:658:in `handle_request'
puma (3.12.0) lib/puma/server.rb:472:in `process_client'
puma (3.12.0) lib/puma/server.rb:332:in `block in run'
puma (3.12.0) lib/puma/thread_pool.rb:133:in `block in spawn_thread'
Started GET "/courses/show" for 127.0.0.1 at 2018-07-16 01:31:33 -0400
Processing by CoursesController#show as HTML
  Parameters: {"id"=>"show"}
  [1m[36mCourse Load (0.6ms)[0m  [1m[34mSELECT  "courses".* FROM "courses" WHERE "courses"."id" = ? LIMIT ?[0m  [["id", 0], ["LIMIT", 1]]
  ↳ app/controllers/courses_controller.rb:8
Completed 404 Not Found in 26ms (ActiveRecord: 1.8ms)


  
ActiveRecord::RecordNotFound (Couldn't find Course with 'id'=show):
  
app/controllers/courses_controller.rb:8:in `show'
Started GET "/courses/show" for 127.0.0.1 at 2018-07-16 01:34:00 -0400
Processing by CoursesController#show as HTML
  Parameters: {"id"=>"show"}
Completed 404 Not Found in 6ms (ActiveRecord: 0.6ms)


  
ActiveRecord::RecordNotFound (Couldn't find Course without an ID):
  
app/controllers/courses_controller.rb:8:in `show'
Started GET "/courses/new" for 127.0.0.1 at 2018-07-16 01:43:23 -0400
Processing by CoursesController#new as HTML
Completed 400 Bad Request in 1ms (ActiveRecord: 0.0ms)


  
ActionController::ParameterMissing (param is missing or the value is empty: course):
  
app/controllers/courses_controller.rb:29:in `course_params'
app/controllers/courses_controller.rb:12:in `new'
Started POST "/__web_console/repl_sessions/46963738c8a98f798b623fa069fbe340/trace" for 127.0.0.1 at 2018-07-16 02:39:27 -0400
Started GET "/courses/new" for 127.0.0.1 at 2018-07-16 03:11:00 -0400
Processing by CoursesController#new as HTML
  Rendering courses/new.html.erb within layouts/application
  Rendered courses/new.html.erb within layouts/application (92.3ms)
Completed 200 OK in 254ms (Views: 172.4ms | ActiveRecord: 1.2ms)


Started GET "/courses/new" for 127.0.0.1 at 2018-07-16 23:00:13 -0400
  [1m[35m (0.5ms)[0m  [1m[34mSELECT "schema_migrations"."version" FROM "schema_migrations" ORDER BY "schema_migrations"."version" ASC[0m
  ↳ /Library/Ruby/Gems/2.3.0/gems/activerecord-5.2.0/lib/active_record/log_subscriber.rb:98
Processing by CoursesController#new as HTML
  Rendering courses/new.html.erb within layouts/application
  Rendered courses/new.html.erb within layouts/application (1.3ms)
Completed 500 Internal Server Error in 98ms (ActiveRecord: 1.4ms)


  
SyntaxError (/Users/nconduah/OneDrive - Massachusetts Institute of Technology/Career Dev/ror/approvedcourse1/app/views/courses/new.html.erb:31: syntax error, unexpected tIDENTIFIER, expecting ')'
...d=( form.label :evaluation link );@output_buffer.safe_append...
...                               ^
/Users/nconduah/OneDrive - Massachusetts Institute of Technology/Career Dev/ror/approvedcourse1/app/views/courses/new.html.erb:36: syntax error, unexpected tIDENTIFIER, expecting ')'
...end=( form.label :recent takers );@output_buffer.safe_append...
...                               ^):
  
app/views/courses/new.html.erb:31: syntax error, unexpected tIDENTIFIER, expecting ')'
app/views/courses/new.html.erb:36: syntax error, unexpected tIDENTIFIER, expecting ')'
Started GET "/courses/new" for 127.0.0.1 at 2018-07-16 23:00:37 -0400
Processing by CoursesController#new as HTML
  Rendering courses/new.html.erb within layouts/application
  Rendered courses/new.html.erb within layouts/application (1.2ms)
Completed 500 Internal Server Error in 16ms (ActiveRecord: 0.0ms)


  
SyntaxError (/Users/nconduah/OneDrive - Massachusetts Institute of Technology/Career Dev/ror/approvedcourse1/app/views/courses/new.html.erb:32: syntax error, unexpected tIDENTIFIER, expecting ')'
...orm.text_field :evaluation link );@output_buffer.safe_append...
...                               ^
/Users/nconduah/OneDrive - Massachusetts Institute of Technology/Career Dev/ror/approvedcourse1/app/views/courses/new.html.erb:37: syntax error, unexpected tIDENTIFIER, expecting ')'
...( form.text_area :recent takers );@output_buffer.safe_append...
...                               ^):
  
app/views/courses/new.html.erb:32: syntax error, unexpected tIDENTIFIER, expecting ')'
app/views/courses/new.html.erb:37: syntax error, unexpected tIDENTIFIER, expecting ')'
Started GET "/courses/new" for 127.0.0.1 at 2018-07-16 23:01:20 -0400
Processing by CoursesController#new as HTML
  Rendering courses/new.html.erb within layouts/application
  Rendered courses/new.html.erb within layouts/application (43.0ms)
Completed 200 OK in 302ms (Views: 297.8ms | ActiveRecord: 0.0ms)


Started POST "/courses" for 127.0.0.1 at 2018-07-16 23:02:55 -0400
Processing by CoursesController#create as HTML
  Parameters: {"utf8"=>"✓", "authenticity_token"=>"YK0GlDb7694dRXeiA1B23fmWZ3q8ZVHCZp9En2F+hu8y1p/tRMrcxHxHditkrCjK4EXQMk6LVNAKXsXUr14Rnw==", "course"=>{"number"=>"1.001", "title"=>"Engineering Computation and Data Science", "semester"=>"Spring", "category"=>"Eng Elec", "cataloglink"=>"http://student.mit.edu/catalog/search.cgi?search=1.001", "evaluationlink"=>"http://student.mit.edu/catalog/search.cgi?search=1.001", "recenttakers"=>"", "notes"=>""}, "commit"=>"Save Course"}
  [1m[35m (0.1ms)[0m  [1m[36mbegin transaction[0m
  ↳ app/controllers/courses_controller.rb:20
  [1m[35m (0.1ms)[0m  [1m[31mrollback transaction[0m
  ↳ app/controllers/courses_controller.rb:20
Completed 500 Internal Server Error in 18ms (ActiveRecord: 0.2ms)


  
NoMethodError (undefined method `evauationlink' for #<Course:0x007fbf0659ae80>
Did you mean?  evaluationlink
               evaluationlink?
               evaluationlink=):
  
app/controllers/courses_controller.rb:20:in `create'
Started POST "/courses" for 127.0.0.1 at 2018-07-16 23:04:43 -0400
Processing by CoursesController#create as HTML
  Parameters: {"utf8"=>"✓", "authenticity_token"=>"YK0GlDb7694dRXeiA1B23fmWZ3q8ZVHCZp9En2F+hu8y1p/tRMrcxHxHditkrCjK4EXQMk6LVNAKXsXUr14Rnw==", "course"=>{"number"=>"1.001", "title"=>"Engineering Computation and Data Science", "semester"=>"Spring", "category"=>"Eng Elec", "cataloglink"=>"http://student.mit.edu/catalog/search.cgi?search=1.001", "evaluationlink"=>"http://student.mit.edu/catalog/search.cgi?search=1.001", "recenttakers"=>"", "notes"=>""}, "commit"=>"Save Course"}
  [1m[35m (0.3ms)[0m  [1m[36mbegin transaction[0m
  ↳ app/controllers/courses_controller.rb:20
  [1m[36mCourse Create (0.8ms)[0m  [1m[32mINSERT INTO "courses" ("number", "title", "semester", "category", "cataloglink", "evaluationlink", "recenttakers", "notes", "created_at", "updated_at") VALUES (?, ?, ?, ?, ?, ?, ?, ?, ?, ?)[0m  [["number", "1.001"], ["title", "Engineering Computation and Data Science"], ["semester", "Spring"], ["category", "Eng Elec"], ["cataloglink", "http://student.mit.edu/catalog/search.cgi?search=1.001"], ["evaluationlink", "http://student.mit.edu/catalog/search.cgi?search=1.001"], ["recenttakers", ""], ["notes", ""], ["created_at", "2018-07-17 03:04:43.202650"], ["updated_at", "2018-07-17 03:04:43.202650"]]
  ↳ app/controllers/courses_controller.rb:20
  [1m[35m (3.2ms)[0m  [1m[36mcommit transaction[0m
  ↳ app/controllers/courses_controller.rb:20
Redirected to http://localhost:3000/courses/1
Completed 302 Found in 31ms (ActiveRecord: 5.0ms)


Started GET "/courses/1" for 127.0.0.1 at 2018-07-16 23:04:43 -0400
Processing by CoursesController#show as HTML
  Parameters: {"id"=>"1"}
  [1m[36mCourse Load (0.2ms)[0m  [1m[34mSELECT  "courses".* FROM "courses" WHERE "courses"."id" = ? LIMIT ?[0m  [["id", 1], ["LIMIT", 1]]
  ↳ app/controllers/courses_controller.rb:8
  Rendering courses/show.html.erb within layouts/application
  Rendered courses/show.html.erb within layouts/application (1.0ms)
Completed 200 OK in 58ms (Views: 45.0ms | ActiveRecord: 0.2ms)


Started POST "/courses" for 127.0.0.1 at 2018-07-16 23:33:58 -0400
Processing by CoursesController#create as HTML
  Parameters: {"utf8"=>"✓", "authenticity_token"=>"YK0GlDb7694dRXeiA1B23fmWZ3q8ZVHCZp9En2F+hu8y1p/tRMrcxHxHditkrCjK4EXQMk6LVNAKXsXUr14Rnw==", "course"=>{"number"=>"", "title"=>"Engineering Computation and Data Science", "semester"=>"Spring", "category"=>"Eng Elec", "cataloglink"=>"http://student.mit.edu/catalog/search.cgi?search=1.001", "evaluationlink"=>"http://student.mit.edu/catalog/search.cgi?search=1.001", "recenttakers"=>"", "notes"=>""}, "commit"=>"Save Course"}
  [1m[35m (0.1ms)[0m  [1m[36mbegin transaction[0m
  ↳ app/controllers/courses_controller.rb:20
  [1m[35m (0.1ms)[0m  [1m[31mrollback transaction[0m
  ↳ app/controllers/courses_controller.rb:20
  Rendering courses/new.html.erb within layouts/application
  Rendered courses/new.html.erb within layouts/application (25.5ms)
Completed 200 OK in 189ms (Views: 164.7ms | ActiveRecord: 0.2ms)


